<?xml version="1.0" encoding="UTF-8"?>
<testng-results skipped="0" failed="0" ignored="0" total="1" passed="1">
  <reporter-output>
  </reporter-output>
  <suite name="Default suite" duration-ms="284" started-at="2018-08-27T08:13:06Z" finished-at="2018-08-27T08:13:06Z">
    <groups>
    </groups>
    <test name="Default test" duration-ms="284" started-at="2018-08-27T08:13:06Z" finished-at="2018-08-27T08:13:06Z">
      <class name="NewTest">
        <test-method status="PASS" signature="f()[pri:0, instance:NewTest@100fc185]" name="f" duration-ms="213" started-at="2018-08-27T08:13:06Z" finished-at="2018-08-27T08:13:06Z">
          <reporter-output>
          </reporter-output>
        </test-method> <!-- f -->
      </class> <!-- NewTest -->
    </test> <!-- Default test -->
  </suite> <!-- Default suite -->
</testng-results>
