<?xml version="1.0" encoding="UTF-8"?>
<testng-results skipped="0" failed="0" ignored="0" total="1" passed="1">
  <reporter-output>
  </reporter-output>
  <suite name="Suite" duration-ms="141" started-at="2018-08-27T09:23:26Z" finished-at="2018-08-27T09:23:26Z">
    <groups>
    </groups>
    <test name="Test" duration-ms="141" started-at="2018-08-27T09:23:26Z" finished-at="2018-08-27T09:23:26Z">
      <class name="NewTest">
        <test-method status="PASS" signature="f()[pri:0, instance:NewTest@58651fd0]" name="f" duration-ms="41" started-at="2018-08-27T09:23:26Z" finished-at="2018-08-27T09:23:26Z">
          <reporter-output>
          </reporter-output>
        </test-method> <!-- f -->
      </class> <!-- NewTest -->
    </test> <!-- Test -->
  </suite> <!-- Suite -->
</testng-results>
